<?xml version="1.0" encoding="UTF-8"?>
<!-- Generated by org.testng.reporters.JUnitReportReporter -->
<testsuite hostname="KUMARANHARSHA" failures="0" tests="1" name="org.parallelTests.ParallelTest2" time="3.451" errors="0" timestamp="2024-11-29T15:41:23 IST" skipped="0">
  <testcase classname="org.parallelTests.ParallelTest2" name="main" time="3.451"/>
  <system-out/>
</testsuite> <!-- org.parallelTests.ParallelTest2 -->
