<?xml version="1.0" encoding="UTF-8"?>
<!-- Generated by org.testng.reporters.JUnitReportReporter -->
<testsuite hostname="KUMARANHARSHA" failures="0" tests="11" name="org.groupingTest.GroupingTest" time="3.089" errors="0" timestamp="2024-11-28T21:33:51 IST" skipped="0">
  <testcase classname="org.groupingTest.GroupingTest" name="urlLaunch" time="1.187"/>
  <system-out/>
  <testcase classname="org.groupingTest.GroupingTest" name="username" time="0.086"/>
  <system-out/>
  <testcase classname="org.groupingTest.GroupingTest" name="password" time="0.093"/>
  <system-out/>
  <testcase classname="org.groupingTest.GroupingTest" name="clickCreateNewAccount" time="1.040"/>
  <system-out/>
  <testcase classname="org.groupingTest.GroupingTest" name="firstName" time="0.123"/>
  <system-out/>
  <testcase classname="org.groupingTest.GroupingTest" name="lastName" time="0.080"/>
  <system-out/>
  <testcase classname="org.groupingTest.GroupingTest" name="day" time="0.089"/>
  <system-out/>
  <testcase classname="org.groupingTest.GroupingTest" name="month" time="0.071"/>
  <system-out/>
  <testcase classname="org.groupingTest.GroupingTest" name="year" time="0.121"/>
  <system-out/>
  <testcase classname="org.groupingTest.GroupingTest" name="mobileNumber" time="0.095"/>
  <system-out/>
  <testcase classname="org.groupingTest.GroupingTest" name="newPassword" time="0.104"/>
  <system-out/>
</testsuite> <!-- org.groupingTest.GroupingTest -->
