<?xml version="1.0" encoding="UTF-8"?>
<!-- Generated by org.testng.reporters.JUnitReportReporter -->
<testsuite hostname="KUMARANHARSHA" failures="0" tests="11" name="org.dependsOnMethodTest.DependsOnMethodTest" time="3.101" errors="0" timestamp="2024-11-28T22:28:24 IST" skipped="0">
  <testcase classname="org.dependsOnMethodTest.DependsOnMethodTest" name="username" time="0.071"/>
  <system-out/>
  <testcase classname="org.dependsOnMethodTest.DependsOnMethodTest" name="password" time="0.088"/>
  <system-out/>
  <testcase classname="org.dependsOnMethodTest.DependsOnMethodTest" name="clickCreateNewAccount" time="1.001"/>
  <system-out/>
  <testcase classname="org.dependsOnMethodTest.DependsOnMethodTest" name="mobileNumber" time="0.151"/>
  <system-out/>
  <testcase classname="org.dependsOnMethodTest.DependsOnMethodTest" name="month" time="0.083"/>
  <system-out/>
  <testcase classname="org.dependsOnMethodTest.DependsOnMethodTest" name="year" time="0.078"/>
  <system-out/>
  <testcase classname="org.dependsOnMethodTest.DependsOnMethodTest" name="firstName" time="0.137"/>
  <system-out/>
  <testcase classname="org.dependsOnMethodTest.DependsOnMethodTest" name="day" time="0.084"/>
  <system-out/>
  <testcase classname="org.dependsOnMethodTest.DependsOnMethodTest" name="urlLaunch" time="1.207"/>
  <system-out/>
  <testcase classname="org.dependsOnMethodTest.DependsOnMethodTest" name="newPassword" time="0.110"/>
  <system-out/>
  <testcase classname="org.dependsOnMethodTest.DependsOnMethodTest" name="lastName" time="0.091"/>
  <system-out/>
</testsuite> <!-- org.dependsOnMethodTest.DependsOnMethodTest -->
