<?xml version="1.0" encoding="UTF-8"?>
<!-- Generated by org.testng.reporters.JUnitReportReporter -->
<testsuite hostname="KUMARANHARSHA" failures="0" tests="1" name="org.dataProviderTest.ReadSingleData" time="0.525" errors="0" timestamp="2024-11-28T23:46:19 IST" skipped="0">
  <testcase classname="org.dataProviderTest.ReadSingleData" name="readSingleDataFromExcel" time="0.525"/>
  <system-out/>
</testsuite> <!-- org.dataProviderTest.ReadSingleData -->
