<?xml version="1.0" encoding="UTF-8"?>
<!-- Generated by org.testng.reporters.JUnitReportReporter -->
<testsuite hostname="KUMARANHARSHA" failures="0" tests="15" name="org.dataProviderTest.WithDataProviderTes3" time="98.541" errors="0" timestamp="2024-11-29T01:28:37 IST" skipped="0">
  <testcase classname="org.dataProviderTest.WithDataProviderTes3" name="main" time="6.429"/>
  <system-out/>
  <testcase classname="org.dataProviderTest.WithDataProviderTes3" name="main" time="6.596"/>
  <system-out/>
  <testcase classname="org.dataProviderTest.WithDataProviderTes3" name="main" time="6.348"/>
  <system-out/>
  <testcase classname="org.dataProviderTest.WithDataProviderTes3" name="main" time="6.556"/>
  <system-out/>
  <testcase classname="org.dataProviderTest.WithDataProviderTes3" name="main" time="6.639"/>
  <system-out/>
  <testcase classname="org.dataProviderTest.WithDataProviderTes3" name="main" time="6.511"/>
  <system-out/>
  <testcase classname="org.dataProviderTest.WithDataProviderTes3" name="main" time="7.572"/>
  <system-out/>
  <testcase classname="org.dataProviderTest.WithDataProviderTes3" name="main" time="6.262"/>
  <system-out/>
  <testcase classname="org.dataProviderTest.WithDataProviderTes3" name="main" time="6.442"/>
  <system-out/>
  <testcase classname="org.dataProviderTest.WithDataProviderTes3" name="main" time="6.743"/>
  <system-out/>
  <testcase classname="org.dataProviderTest.WithDataProviderTes3" name="main" time="6.466"/>
  <system-out/>
  <testcase classname="org.dataProviderTest.WithDataProviderTes3" name="main" time="6.565"/>
  <system-out/>
  <testcase classname="org.dataProviderTest.WithDataProviderTes3" name="main" time="6.499"/>
  <system-out/>
  <testcase classname="org.dataProviderTest.WithDataProviderTes3" name="main" time="6.453"/>
  <system-out/>
  <testcase classname="org.dataProviderTest.WithDataProviderTes3" name="main" time="6.460"/>
  <system-out/>
</testsuite> <!-- org.dataProviderTest.WithDataProviderTes3 -->
