<?xml version="1.0" encoding="UTF-8"?>
<!-- Generated by org.testng.reporters.JUnitReportReporter -->
<testsuite hostname="KUMARANHARSHA" failures="0" tests="4" name="org.ignoreAnnotation.IgnoreAnnotation" time="2.794" errors="0" timestamp="2024-11-28T20:44:19 IST" skipped="1">
  <testcase classname="org.ignoreAnnotation.IgnoreAnnotation" name="urlLaunch" time="1.289"/>
  <system-out/>
  <testcase classname="org.ignoreAnnotation.IgnoreAnnotation" name="password" time="0.138"/>
  <system-out/>
  <testcase classname="org.ignoreAnnotation.IgnoreAnnotation" name="clickCreateNewAccount" time="1.367"/>
  <system-out/>
  <testcase classname="org.ignoreAnnotation.IgnoreAnnotation" name="lastName">
    <skipped/>
  </testcase> <!-- lastName -->
  <system-out/>
</testsuite> <!-- org.ignoreAnnotation.IgnoreAnnotation -->
