<?xml version="1.0" encoding="UTF-8"?>
<!-- Generated by org.testng.reporters.JUnitReportReporter -->
<testsuite hostname="KUMARANHARSHA" failures="0" tests="6" name="org.invocationCount.InvocationCountAttribute" time="6.877" errors="0" timestamp="2024-11-28T22:56:05 IST" skipped="0">
  <testcase classname="org.invocationCount.InvocationCountAttribute" name="username" time="1.126"/>
  <system-out/>
  <testcase classname="org.invocationCount.InvocationCountAttribute" name="username" time="1.138"/>
  <system-out/>
  <testcase classname="org.invocationCount.InvocationCountAttribute" name="urlLaunch" time="1.137"/>
  <system-out/>
  <testcase classname="org.invocationCount.InvocationCountAttribute" name="username" time="1.163"/>
  <system-out/>
  <testcase classname="org.invocationCount.InvocationCountAttribute" name="username" time="1.147"/>
  <system-out/>
  <testcase classname="org.invocationCount.InvocationCountAttribute" name="username" time="1.166"/>
  <system-out/>
</testsuite> <!-- org.invocationCount.InvocationCountAttribute -->
