<?xml version="1.0" encoding="UTF-8"?>
<!-- Generated by org.testng.reporters.JUnitReportReporter -->
<testsuite hostname="KUMARANHARSHA" failures="0" tests="3" name="org.crossBrowserTest.CrossBrowserTest" time="4.549" errors="0" timestamp="2024-11-29T16:24:20 IST" skipped="0">
  <testcase classname="org.crossBrowserTest.CrossBrowserTest" name="main" time="1.228"/>
  <system-out/>
  <testcase classname="org.crossBrowserTest.CrossBrowserTest" name="main" time="1.346"/>
  <system-out/>
  <testcase classname="org.crossBrowserTest.CrossBrowserTest" name="main" time="1.975"/>
  <system-out/>
</testsuite> <!-- org.crossBrowserTest.CrossBrowserTest -->
