<?xml version="1.0" encoding="UTF-8"?>
<!-- Generated by org.testng.reporters.JUnitReportReporter -->
<testsuite hostname="KUMARANHARSHA" failures="0" tests="11" name="org.priorityVSDependsOnMethod.PriorityVSDependsOnMethod" time="13.055" errors="0" timestamp="2024-11-28T22:33:27 IST" skipped="0">
  <testcase classname="org.priorityVSDependsOnMethod.PriorityVSDependsOnMethod" name="urlLaunch" time="10.778"/>
  <system-out/>
  <testcase classname="org.priorityVSDependsOnMethod.PriorityVSDependsOnMethod" name="username" time="0.138"/>
  <system-out/>
  <testcase classname="org.priorityVSDependsOnMethod.PriorityVSDependsOnMethod" name="firstName" time="0.147"/>
  <system-out/>
  <testcase classname="org.priorityVSDependsOnMethod.PriorityVSDependsOnMethod" name="clickCreateNewAccount" time="1.016"/>
  <system-out/>
  <testcase classname="org.priorityVSDependsOnMethod.PriorityVSDependsOnMethod" name="password" time="0.170"/>
  <system-out/>
  <testcase classname="org.priorityVSDependsOnMethod.PriorityVSDependsOnMethod" name="newPassword" time="0.101"/>
  <system-out/>
  <testcase classname="org.priorityVSDependsOnMethod.PriorityVSDependsOnMethod" name="mobileNumber" time="0.095"/>
  <system-out/>
  <testcase classname="org.priorityVSDependsOnMethod.PriorityVSDependsOnMethod" name="year" time="0.123"/>
  <system-out/>
  <testcase classname="org.priorityVSDependsOnMethod.PriorityVSDependsOnMethod" name="month" time="0.196"/>
  <system-out/>
  <testcase classname="org.priorityVSDependsOnMethod.PriorityVSDependsOnMethod" name="day" time="0.174"/>
  <system-out/>
  <testcase classname="org.priorityVSDependsOnMethod.PriorityVSDependsOnMethod" name="lastName" time="0.117"/>
  <system-out/>
</testsuite> <!-- org.priorityVSDependsOnMethod.PriorityVSDependsOnMethod -->
