<?xml version="1.0" encoding="UTF-8"?>
<!-- Generated by org.testng.reporters.JUnitReportReporter -->
<testsuite hostname="KUMARANHARSHA" failures="0" tests="11" name="org.enabledFalseVSAlwaysRun.EnabledFalseVSAlwaysRun" time="6.177" errors="0" timestamp="2024-11-28T22:40:35 IST" skipped="9">
  <testcase classname="org.enabledFalseVSAlwaysRun.EnabledFalseVSAlwaysRun" name="urlLaunch" time="1.017"/>
  <system-out/>
  <testcase classname="org.enabledFalseVSAlwaysRun.EnabledFalseVSAlwaysRun" name="password" time="5.160"/>
  <system-out/>
  <testcase classname="org.enabledFalseVSAlwaysRun.EnabledFalseVSAlwaysRun" name="day">
    <skipped/>
  </testcase> <!-- day -->
  <system-out/>
  <testcase classname="org.enabledFalseVSAlwaysRun.EnabledFalseVSAlwaysRun" name="newPassword">
    <skipped/>
  </testcase> <!-- newPassword -->
  <system-out/>
  <testcase classname="org.enabledFalseVSAlwaysRun.EnabledFalseVSAlwaysRun" name="username">
    <skipped/>
  </testcase> <!-- username -->
  <system-out/>
  <testcase classname="org.enabledFalseVSAlwaysRun.EnabledFalseVSAlwaysRun" name="year">
    <skipped/>
  </testcase> <!-- year -->
  <system-out/>
  <testcase classname="org.enabledFalseVSAlwaysRun.EnabledFalseVSAlwaysRun" name="month">
    <skipped/>
  </testcase> <!-- month -->
  <system-out/>
  <testcase classname="org.enabledFalseVSAlwaysRun.EnabledFalseVSAlwaysRun" name="mobileNumber">
    <skipped/>
  </testcase> <!-- mobileNumber -->
  <system-out/>
  <testcase classname="org.enabledFalseVSAlwaysRun.EnabledFalseVSAlwaysRun" name="firstName">
    <skipped/>
  </testcase> <!-- firstName -->
  <system-out/>
  <testcase classname="org.enabledFalseVSAlwaysRun.EnabledFalseVSAlwaysRun" name="lastName">
    <skipped/>
  </testcase> <!-- lastName -->
  <system-out/>
  <testcase classname="org.enabledFalseVSAlwaysRun.EnabledFalseVSAlwaysRun" name="clickCreateNewAccount">
    <skipped/>
  </testcase> <!-- clickCreateNewAccount -->
  <system-out/>
</testsuite> <!-- org.enabledFalseVSAlwaysRun.EnabledFalseVSAlwaysRun -->
