<?xml version="1.0" encoding="UTF-8"?>
<!-- Generated by org.testng.reporters.JUnitReportReporter -->
<testsuite hostname="KUMARANHARSHA" failures="0" tests="11" name="org.groupOfGroup.GroupOfGroupTest" time="4.270" errors="0" timestamp="2024-11-28T22:14:22 IST" skipped="0">
  <testcase classname="org.groupOfGroup.GroupOfGroupTest" name="urlLaunch" time="2.204"/>
  <system-out/>
  <testcase classname="org.groupOfGroup.GroupOfGroupTest" name="username" time="0.074"/>
  <system-out/>
  <testcase classname="org.groupOfGroup.GroupOfGroupTest" name="password" time="0.087"/>
  <system-out/>
  <testcase classname="org.groupOfGroup.GroupOfGroupTest" name="clickCreateNewAccount" time="1.261"/>
  <system-out/>
  <testcase classname="org.groupOfGroup.GroupOfGroupTest" name="firstName" time="0.128"/>
  <system-out/>
  <testcase classname="org.groupOfGroup.GroupOfGroupTest" name="lastName" time="0.108"/>
  <system-out/>
  <testcase classname="org.groupOfGroup.GroupOfGroupTest" name="day" time="0.112"/>
  <system-out/>
  <testcase classname="org.groupOfGroup.GroupOfGroupTest" name="month" time="0.081"/>
  <system-out/>
  <testcase classname="org.groupOfGroup.GroupOfGroupTest" name="year" time="0.069"/>
  <system-out/>
  <testcase classname="org.groupOfGroup.GroupOfGroupTest" name="mobileNumber" time="0.066"/>
  <system-out/>
  <testcase classname="org.groupOfGroup.GroupOfGroupTest" name="newPassword" time="0.080"/>
  <system-out/>
</testsuite> <!-- org.groupOfGroup.GroupOfGroupTest -->
