<?xml version="1.0" encoding="UTF-8"?>
<!-- Generated by org.testng.reporters.JUnitReportReporter -->
<testsuite hostname="KUMARANHARSHA" failures="0" tests="1" name="org.expectedException.ExpectedExceptionAttribute" time="2.015" errors="0" timestamp="2024-11-28T23:03:33 IST" skipped="0">
  <testcase classname="org.expectedException.ExpectedExceptionAttribute" name="browserLaunch" time="2.015"/>
  <system-out/>
</testsuite> <!-- org.expectedException.ExpectedExceptionAttribute -->
