<?xml version="1.0" encoding="UTF-8"?>
<!-- Generated by org.testng.reporters.JUnitReportReporter -->
<testsuite hostname="KUMARANHARSHA" failures="0" tests="7" name="org.dataProviderTest.DataProviderOnly" time="48.268" errors="0" timestamp="2024-11-29T16:35:13 IST" skipped="0">
  <testcase classname="org.dataProviderTest.DataProviderOnly" name="main" time="7.059"/>
  <system-out/>
  <testcase classname="org.dataProviderTest.DataProviderOnly" name="main" time="6.640"/>
  <system-out/>
  <testcase classname="org.dataProviderTest.DataProviderOnly" name="main" time="6.650"/>
  <system-out/>
  <testcase classname="org.dataProviderTest.DataProviderOnly" name="main" time="6.412"/>
  <system-out/>
  <testcase classname="org.dataProviderTest.DataProviderOnly" name="main" time="7.894"/>
  <system-out/>
  <testcase classname="org.dataProviderTest.DataProviderOnly" name="main" time="6.453"/>
  <system-out/>
  <testcase classname="org.dataProviderTest.DataProviderOnly" name="main" time="7.160"/>
  <system-out/>
</testsuite> <!-- org.dataProviderTest.DataProviderOnly -->
