<?xml version="1.0" encoding="UTF-8"?>
<!-- Generated by org.testng.reporters.JUnitReportReporter -->
<testsuite hostname="KUMARANHARSHA" failures="0" tests="1" name="org.singleTestMethod.SingleTestMethod" time="5.052" errors="0" timestamp="2024-11-28T20:33:27 IST" skipped="0">
  <testcase classname="org.singleTestMethod.SingleTestMethod" name="browserLaunch" time="5.052"/>
  <system-out/>
</testsuite> <!-- org.singleTestMethod.SingleTestMethod -->
