<?xml version="1.0" encoding="UTF-8"?>
<!-- Generated by org.testng.reporters.JUnitReportReporter -->
<testsuite hostname="KUMARANHARSHA" failures="0" tests="1" name="org.invocationTimeout.InvocationTimeOut" time="2.774" errors="0" timestamp="2024-11-28T23:00:27 IST" skipped="0">
  <testcase classname="org.invocationTimeout.InvocationTimeOut" name="browserLaunch" time="2.774"/>
  <system-out/>
</testsuite> <!-- org.invocationTimeout.InvocationTimeOut -->
