<?xml version="1.0" encoding="UTF-8"?>
<!-- Generated by org.testng.reporters.JUnitReportReporter -->
<testsuite hostname="KUMARANHARSHA" failures="0" tests="1" name="org.dataProviderTest.ReadAllData" time="0.487" errors="0" timestamp="2024-11-28T23:58:51 IST" skipped="0">
  <testcase classname="org.dataProviderTest.ReadAllData" name="readAllDataFromExcel" time="0.487"/>
  <system-out/>
</testsuite> <!-- org.dataProviderTest.ReadAllData -->
