<?xml version="1.0" encoding="UTF-8"?>
<!-- Generated by org.testng.reporters.JUnitReportReporter -->
<testsuite hostname="KUMARANHARSHA" failures="0" tests="1" name="org.dataProviderTest.WithoutDataProvider" time="6.679" errors="0" timestamp="2024-11-29T00:38:05 IST" skipped="0">
  <testcase classname="org.dataProviderTest.WithoutDataProvider" name="main" time="6.679"/>
  <system-out/>
</testsuite> <!-- org.dataProviderTest.WithoutDataProvider -->
