<?xml version="1.0" encoding="UTF-8"?>
<!-- Generated by org.testng.reporters.JUnitReportReporter -->
<testsuite hostname="KUMARANHARSHA" failures="0" tests="1" name="org.parallelTests.ParallelTests1" time="2.456" errors="0" timestamp="2024-11-29T15:41:23 IST" skipped="0">
  <testcase classname="org.parallelTests.ParallelTests1" name="main" time="2.456"/>
  <system-out/>
</testsuite> <!-- org.parallelTests.ParallelTests1 -->
