<?xml version="1.0" encoding="UTF-8"?>
<!-- Generated by org.testng.reporters.JUnitReportReporter -->
<testsuite hostname="KUMARANHARSHA" failures="0" tests="6" name="org.descriptionAttribute.DescriptionAttribute" time="2.606" errors="0" timestamp="2024-11-28T20:54:07 IST" skipped="0">
  <testcase classname="org.descriptionAttribute.DescriptionAttribute" name="urlLaunch" time="1.076"/>
  <system-out/>
  <testcase classname="org.descriptionAttribute.DescriptionAttribute" name="username" time="0.081"/>
  <system-out/>
  <testcase classname="org.descriptionAttribute.DescriptionAttribute" name="password" time="0.124"/>
  <system-out/>
  <testcase classname="org.descriptionAttribute.DescriptionAttribute" name="clickCreateNewAccount" time="1.121"/>
  <system-out/>
  <testcase classname="org.descriptionAttribute.DescriptionAttribute" name="firstName" time="0.128"/>
  <system-out/>
  <testcase classname="org.descriptionAttribute.DescriptionAttribute" name="lastName" time="0.076"/>
  <system-out/>
</testsuite> <!-- org.descriptionAttribute.DescriptionAttribute -->
