<?xml version="1.0" encoding="UTF-8"?>
<!-- Generated by org.testng.reporters.JUnitReportReporter -->
<testsuite hostname="KUMARANHARSHA" failures="0" tests="3" name="org.parameterizedTest2.ParameterizedTest2" time="8.036" errors="0" timestamp="2024-11-28T23:30:32 IST" skipped="0">
  <testcase classname="org.parameterizedTest2.ParameterizedTest2" name="browserLaunch" time="2.491"/>
  <system-out/>
  <testcase classname="org.parameterizedTest2.ParameterizedTest2" name="browserLaunch" time="2.544"/>
  <system-out/>
  <testcase classname="org.parameterizedTest2.ParameterizedTest2" name="browserLaunch" time="3.001"/>
  <system-out/>
</testsuite> <!-- org.parameterizedTest2.ParameterizedTest2 -->
