<?xml version="1.0" encoding="UTF-8"?>
<!-- Generated by org.testng.reporters.JUnitReportReporter -->
<testsuite hostname="KUMARANHARSHA" failures="0" tests="1" name="org.crossBrowserTest.GetTheAllLinks" time="17.234" errors="0" timestamp="2024-11-29T16:22:41 IST" skipped="0">
  <testcase classname="org.crossBrowserTest.GetTheAllLinks" name="main" time="17.234"/>
  <system-out/>
</testsuite> <!-- org.crossBrowserTest.GetTheAllLinks -->
