<?xml version="1.0" encoding="UTF-8"?>
<!-- Generated by org.testng.reporters.JUnitReportReporter -->
<testsuite hostname="KUMARANHARSHA" failures="0" tests="6" name="org.priorityAttibute.PriorityAttribute" time="3.121" errors="0" timestamp="2024-11-28T20:41:27 IST" skipped="0">
  <testcase classname="org.priorityAttibute.PriorityAttribute" name="urlLaunch" time="1.308"/>
  <system-out/>
  <testcase classname="org.priorityAttibute.PriorityAttribute" name="username" time="0.072"/>
  <system-out/>
  <testcase classname="org.priorityAttibute.PriorityAttribute" name="password" time="0.110"/>
  <system-out/>
  <testcase classname="org.priorityAttibute.PriorityAttribute" name="clickCreateNewAccount" time="1.418"/>
  <system-out/>
  <testcase classname="org.priorityAttibute.PriorityAttribute" name="firstName" time="0.132"/>
  <system-out/>
  <testcase classname="org.priorityAttibute.PriorityAttribute" name="lastName" time="0.081"/>
  <system-out/>
</testsuite> <!-- org.priorityAttibute.PriorityAttribute -->
