<?xml version="1.0" encoding="UTF-8"?>
<!-- Generated by org.testng.reporters.JUnitReportReporter -->
<testsuite hostname="KUMARANHARSHA" failures="0" tests="1" name="org.parallelClassas.ParallelClasses1" time="2.479" errors="0" timestamp="2024-11-29T15:37:29 IST" skipped="0">
  <testcase classname="org.parallelClassas.ParallelClasses1" name="main" time="2.479"/>
  <system-out/>
</testsuite> <!-- org.parallelClassas.ParallelClasses1 -->
