<?xml version="1.0" encoding="UTF-8"?>
<!-- Generated by org.testng.reporters.JUnitReportReporter -->
<testsuite hostname="KUMARANHARSHA" failures="0" tests="1" name="org.dataProviderTest.WithDataProviderTest2" time="6.888" errors="0" timestamp="2024-11-29T01:09:37 IST" skipped="0">
  <testcase classname="org.dataProviderTest.WithDataProviderTest2" name="main" time="6.888"/>
  <system-out/>
</testsuite> <!-- org.dataProviderTest.WithDataProviderTest2 -->
