<?xml version="1.0" encoding="UTF-8"?>
<!-- Generated by org.testng.reporters.JUnitReportReporter -->
<testsuite hostname="KUMARANHARSHA" failures="0" tests="3" name="org.parameterizedTest1.ParameterizedTest" time="7.414" errors="0" timestamp="2024-11-28T23:21:19 IST" skipped="0">
  <testcase classname="org.parameterizedTest1.ParameterizedTest" name="browserLaunch" time="2.796"/>
  <system-out/>
  <testcase classname="org.parameterizedTest1.ParameterizedTest" name="browserLaunch" time="2.297"/>
  <system-out/>
  <testcase classname="org.parameterizedTest1.ParameterizedTest" name="browserLaunch" time="2.321"/>
  <system-out/>
</testsuite> <!-- org.parameterizedTest1.ParameterizedTest -->
